<?xml version="1.0" encoding="UTF-8"?>
<beans xmlns="http://www.springframework.org/schema/beans"
       xmlns:xsi="http://www.w3.org/2001/XMLSchema-instance"
       xmlns:os-core="http://www.openspaces.org/schema/core"
       xmlns:os-remoting="http://www.openspaces.org/schema/remoting"
       xmlns:os-gateway="http://www.openspaces.org/schema/core/gateway"
       xmlns:context="http://www.springframework.org/schema/context"
       xmlns:mvc="http://www.springframework.org/schema/mvc"
       xsi:schemaLocation="http://www.springframework.org/schema/beans http://www.springframework.org/schema/beans/spring-beans-4.1.xsd
       http://www.springframework.org/schema/context http://www.springframework.org/schema/context/spring-context-4.1.xsd
       http://www.springframework.org/schema/mvc http://www.springframework.org/schema/mvc/spring-mvc-4.1.xsd
       http://www.openspaces.org/schema/core http://www.openspaces.org/schema/12.1/core/openspaces-core.xsd
       http://www.openspaces.org/schema/remoting http://www.openspaces.org/schema/12.1/remoting/openspaces-remoting.xsd
       http://www.openspaces.org/schema/core/gateway http://www.openspaces.org/schema/12.1/core/gateway/openspaces-gateway.xsd">

    <bean id="propertiesConfigurer" class="org.springframework.context.support.PropertySourcesPlaceholderConfigurer">
        <property name="properties" >
            <props>
                <prop key="kinvey.hostname">test.kinvey.com</prop>
            </props>
        </property>
    </bean>

    <bean id="chinaSpaceCluster" class="com.gigaspaces.fdal.controller.TestCluster">
        <property name="configPath" value="classpath:china-space-config.xml" />
    </bean>

    <bean id="usSpaceCluster" class="com.gigaspaces.fdal.controller.TestCluster">
        <property name="configPath" value="classpath:us-space-config.xml" />
    </bean>

    <bean id="chinaIJSpace" class="org.openspaces.core.space.UrlSpaceFactoryBean" depends-on="chinaSpaceCluster">
        <property name="url" value="jini://*/*/SpaceChinaTest" />
    </bean>

    <os-core:giga-space id="chinaSpace" space="chinaIJSpace"/>

    <bean id="usIJSpace" class="org.openspaces.core.space.UrlSpaceFactoryBean" depends-on="usSpaceCluster">
        <property name="url" value="jini://*/*/SpaceUsTest" />
    </bean>

    <os-core:giga-space id="usSpace" space="usIJSpace"/>
 
    <bean id="objectMapper" class="com.fasterxml.jackson.databind.ObjectMapper">
        <property name="serializationInclusion" value="NON_NULL" />
    </bean>

    <bean id="jacksonMessageChanger" class="org.springframework.http.converter.json.MappingJackson2HttpMessageConverter">
        <property name="supportedMediaTypes" value="application/json" />
        <property name="objectMapper" ref="objectMapper" />
        <property name="prefixJson" value="false" />
    </bean>

    <mvc:annotation-driven/>
    <context:annotation-config />

    <bean id="reducer" class="com.gigaspaces.fdal.service.remoting.SessionDataReducer"/>
    <bean id="userController" class="com.gigaspaces.fdal.controller.UserController"/>
    <bean id="countryController" class="com.gigaspaces.fdal.controller.CountryController"/>
    <bean id="genericController" class="com.gigaspaces.fdal.controller.GenericController"/>
    <bean id="favoriteDataController" class="com.gigaspaces.fdal.controller.FavoriteDataController"/>
    <bean id="controllerExceptionHandler" class="com.gigaspaces.fdal.controller.ControllerExceptionHandler"/>

    <bean id="sessionDataManager" class="com.gigaspaces.fdal.utils.SessionDataManager" />

    <bean id="sessionDataRemotingService" class="org.openspaces.remoting.ExecutorSpaceRemotingProxyFactoryBean">
        <property name="gigaSpace" ref="usSpace" />
        <property name="serviceInterface" value="com.gigaspaces.fdal.service.remoting.ISessionDataRemotingService" />
    </bean>

    <bean id="sessionDataBroadcastingService" class="org.openspaces.remoting.ExecutorSpaceRemotingProxyFactoryBean">
        <property name="gigaSpace" ref="usSpace" />
        <property name="broadcast" value="true"/>
        <property name="remoteResultReducer" ref="reducer" />
        <property name="serviceInterface" value="com.gigaspaces.fdal.service.remoting.ISessionDataBroadcastingService" />
    </bean>
    
    <bean id="client" class="com.gigaspaces.fdal.kinvey.KinveyRestClient"/>

    <bean id="kinveyDataService" class="com.gigaspaces.fdal.service.KinveyDataService" />

    <bean id="clientHttpRequestFactory" class="org.springframework.http.client.SimpleClientHttpRequestFactory" />

    <bean id="restTemplate" class="org.springframework.web.client.RestTemplate">
         <constructor-arg ref="clientHttpRequestFactory"/>
    </bean>

</beans>